{
  "stats": {
    "suites": 1,
    "tests": 2,
    "passes": 2,
    "pending": 0,
    "failures": 0,
    "start": "2023-02-08T21:41:06.277Z",
    "end": "2023-02-08T21:41:09.518Z",
    "duration": 3241,
    "testsRegistered": 2,
    "passPercent": 100,
    "pendingPercent": 0,
    "other": 0,
    "hasOther": false,
    "skipped": 0,
    "hasSkipped": false
  },
  "results": [
    {
      "uuid": "751967aa-395a-4ea3-9ba0-c247e5a30789",
      "title": "",
      "fullFile": "cypress\\tests\\deleteTodo.test.js",
      "file": "cypress\\tests\\deleteTodo.test.js",
      "beforeHooks": [],
      "afterHooks": [],
      "tests": [],
      "suites": [
        {
          "uuid": "f2414ee7-1644-4525-af3e-71111eb2810e",
          "title": "delete todo endpoints",
          "fullFile": "",
          "file": "",
          "beforeHooks": [],
          "afterHooks": [],
          "tests": [
            {
              "title": "should check todo delete header and status when successfully",
              "fullTitle": "delete todo endpoints should check todo delete header and status when successfully",
              "timedOut": null,
              "duration": 2409,
              "state": "passed",
              "speed": "slow",
              "pass": true,
              "fail": false,
              "pending": false,
              "context": null,
              "code": "(0, _fixtures.mockData)(function (todo) {\n  _utils.todosEndpoint.validateMutationHeader({\n    id: todo.todoForDelete.id,\n    method: _resources.METHODS.DELETE\n  });\n  _utils.todosEndpoint.expectMutationHaveStatus({\n    status: 200,\n    id: todo.todoForDelete.id,\n    method: _resources.METHODS.DELETE\n  });\n});",
              "err": {},
              "uuid": "91ef5465-1ca8-4751-9d86-877b7fccdae7",
              "parentUUID": "f2414ee7-1644-4525-af3e-71111eb2810e",
              "isHook": false,
              "skipped": false
            },
            {
              "title": "should delete a todo successfully",
              "fullTitle": "delete todo endpoints should delete a todo successfully",
              "timedOut": null,
              "duration": 777,
              "state": "passed",
              "speed": "slow",
              "pass": true,
              "fail": false,
              "pending": false,
              "context": null,
              "code": "(0, _fixtures.mockData)(function (todo) {\n  _utils.todosEndpoint.expectSuccessfullyDelete(todo.todoForDelete.id);\n});",
              "err": {},
              "uuid": "db65488c-cc43-4b7c-ba68-3537090852fe",
              "parentUUID": "f2414ee7-1644-4525-af3e-71111eb2810e",
              "isHook": false,
              "skipped": false
            }
          ],
          "suites": [],
          "passes": [
            "91ef5465-1ca8-4751-9d86-877b7fccdae7",
            "db65488c-cc43-4b7c-ba68-3537090852fe"
          ],
          "failures": [],
          "pending": [],
          "skipped": [],
          "duration": 3186,
          "root": false,
          "rootEmpty": false,
          "_timeout": 2000
        }
      ],
      "passes": [],
      "failures": [],
      "pending": [],
      "skipped": [],
      "duration": 0,
      "root": true,
      "rootEmpty": true,
      "_timeout": 2000
    }
  ],
  "meta": {
    "mocha": {
      "version": "7.0.1"
    },
    "mochawesome": {
      "options": {
        "quiet": false,
        "reportFilename": "mochawesome",
        "saveHtml": false,
        "saveJson": true,
        "consoleReporter": "spec",
        "useInlineDiffs": false,
        "code": true
      },
      "version": "7.1.3"
    },
    "marge": {
      "options": {
        "reportDir": "cypress/reports",
        "overwrite": false,
        "html": false,
        "json": true,
        "timestamp": "mmddyyyy_HHMMss"
      },
      "version": "6.2.0"
    }
  }
}